2025-07-21 00:00:56,062 [INFO] 1 Microsoft.Hosting.Lifetime - Now listening on: https://localhost:7253
2025-07-21 00:00:56,085 [INFO] 1 Microsoft.Hosting.Lifetime - Now listening on: http://localhost:5005
2025-07-21 00:00:56,092 [INFO] 1 Microsoft.Hosting.Lifetime - Application started. Press Ctrl+C to shut down.
2025-07-21 00:00:56,098 [INFO] 1 Microsoft.Hosting.Lifetime - Hosting environment: Development
2025-07-21 00:00:56,103 [INFO] 1 Microsoft.Hosting.Lifetime - Content root path: C:\CursoWebApi\desafio-mv\TarefaAPI\Tarefas.API
2025-07-21 00:01:18,224 [WARN] .NET TP Worker Microsoft.EntityFrameworkCore.Model.Validation - Sensitive data logging is enabled. Log entries and exception messages may include sensitive application data; this mode should only be enabled during development.
2025-07-21 00:01:19,186 [INFO] .NET TP Worker Microsoft.EntityFrameworkCore.Database.Command - Executed DbCommand (68ms) [Parameters=[@__usuario_Login_0='admin' (Size = 50)], CommandType='Text', CommandTimeout='30']
SELECT `u`.`Id`, `u`.`Login`, `u`.`Senha`
FROM `Usuarios` AS `u`
WHERE `u`.`Login` = @__usuario_Login_0
LIMIT 1
2025-07-21 00:01:29,914 [INFO] .NET TP Worker Microsoft.EntityFrameworkCore.Database.Command - Executed DbCommand (8ms) [Parameters=[], CommandType='Text', CommandTimeout='30']
SELECT `t`.`Id`, `t`.`Concluida`, `t`.`DataLimite`, `t`.`Descricao`, `t`.`Titulo`
FROM `Tarefas` AS `t`
2025-07-21 00:01:43,317 [INFO] .NET TP Worker Microsoft.EntityFrameworkCore.Database.Command - Executed DbCommand (11ms) [Parameters=[@p0='3fa85f64-5717-4562-b3fc-2c963f66afa6', @p1='True', @p2='2025-07-24T03:01:33.6550000Z' (DbType = Date), @p3='teste' (Nullable = false) (Size = 200), @p4='teste' (Nullable = false) (Size = 100)], CommandType='Text', CommandTimeout='30']
SET AUTOCOMMIT = 1;
INSERT INTO `Tarefas` (`Id`, `Concluida`, `DataLimite`, `Descricao`, `Titulo`)
VALUES (@p0, @p1, @p2, @p3, @p4);
2025-07-21 00:14:14,839 [WARN] 1 Microsoft.EntityFrameworkCore.Model.Validation - Sensitive data logging is enabled. Log entries and exception messages may include sensitive application data; this mode should only be enabled during development.
2025-07-21 00:14:15,090 [INFO] 1 Microsoft.EntityFrameworkCore.Database.Command - Executed DbCommand (17ms) [Parameters=[], CommandType='Text', CommandTimeout='30']
SELECT 1 FROM INFORMATION_SCHEMA.TABLES WHERE TABLE_SCHEMA='tarefasdb' AND TABLE_NAME='__EFMigrationsHistory';
2025-07-21 00:14:15,108 [INFO] 1 Microsoft.EntityFrameworkCore.Database.Command - Executed DbCommand (1ms) [Parameters=[], CommandType='Text', CommandTimeout='30']
SELECT 1 FROM INFORMATION_SCHEMA.TABLES WHERE TABLE_SCHEMA='tarefasdb' AND TABLE_NAME='__EFMigrationsHistory';
2025-07-21 00:14:15,132 [INFO] 1 Microsoft.EntityFrameworkCore.Database.Command - Executed DbCommand (2ms) [Parameters=[], CommandType='Text', CommandTimeout='30']
SELECT `MigrationId`, `ProductVersion`
FROM `__EFMigrationsHistory`
ORDER BY `MigrationId`;
2025-07-21 00:14:15,149 [INFO] 1 Microsoft.EntityFrameworkCore.Migrations - No migrations were applied. The database is already up to date.
2025-07-21 00:14:15,478 [INFO] 1 Microsoft.Hosting.Lifetime - Now listening on: https://localhost:7253
2025-07-21 00:14:15,482 [INFO] 1 Microsoft.Hosting.Lifetime - Now listening on: http://localhost:5005
2025-07-21 00:14:15,488 [INFO] 1 Microsoft.Hosting.Lifetime - Application started. Press Ctrl+C to shut down.
2025-07-21 00:14:15,493 [INFO] 1 Microsoft.Hosting.Lifetime - Hosting environment: Development
2025-07-21 00:14:15,497 [INFO] 1 Microsoft.Hosting.Lifetime - Content root path: C:\CursoWebApi\desafio-mv\TarefaAPI\Tarefas.API
2025-07-21 00:14:33,431 [INFO] .NET TP Worker Microsoft.EntityFrameworkCore.Database.Command - Executed DbCommand (34ms) [Parameters=[@__usuario_Login_0='admin' (Size = 50)], CommandType='Text', CommandTimeout='30']
SELECT `u`.`Id`, `u`.`Login`, `u`.`Senha`
FROM `Usuarios` AS `u`
WHERE `u`.`Login` = @__usuario_Login_0
LIMIT 1
2025-07-21 00:14:43,240 [INFO] .NET TP Worker Microsoft.EntityFrameworkCore.Database.Command - Executed DbCommand (2ms) [Parameters=[], CommandType='Text', CommandTimeout='30']
SELECT `t`.`Id`, `t`.`Concluida`, `t`.`DataLimite`, `t`.`Descricao`, `t`.`Titulo`
FROM `Tarefas` AS `t`
2025-07-21 03:17:40,770 [WARN] 1 Microsoft.EntityFrameworkCore.Model.Validation - Sensitive data logging is enabled. Log entries and exception messages may include sensitive application data; this mode should only be enabled during development.
2025-07-21 03:17:41,050 [INFO] 1 Microsoft.EntityFrameworkCore.Database.Command - Executed DbCommand (16ms) [Parameters=[], CommandType='Text', CommandTimeout='30']
SELECT 1 FROM INFORMATION_SCHEMA.TABLES WHERE TABLE_SCHEMA='tarefasdb' AND TABLE_NAME='__EFMigrationsHistory';
2025-07-21 03:17:41,071 [INFO] 1 Microsoft.EntityFrameworkCore.Database.Command - Executed DbCommand (1ms) [Parameters=[], CommandType='Text', CommandTimeout='30']
SELECT 1 FROM INFORMATION_SCHEMA.TABLES WHERE TABLE_SCHEMA='tarefasdb' AND TABLE_NAME='__EFMigrationsHistory';
2025-07-21 03:17:41,108 [INFO] 1 Microsoft.EntityFrameworkCore.Database.Command - Executed DbCommand (9ms) [Parameters=[], CommandType='Text', CommandTimeout='30']
SELECT `MigrationId`, `ProductVersion`
FROM `__EFMigrationsHistory`
ORDER BY `MigrationId`;
2025-07-21 03:17:41,133 [INFO] 1 Microsoft.EntityFrameworkCore.Migrations - Applying migration '20250721025955_InitialCreate'.
2025-07-21 03:17:41,213 [INFO] 1 Microsoft.EntityFrameworkCore.Database.Command - Executed DbCommand (10ms) [Parameters=[], CommandType='Text', CommandTimeout='30']
ALTER DATABASE CHARACTER SET utf8mb4;
2025-07-21 03:18:32,072 [WARN] 1 Microsoft.EntityFrameworkCore.Model.Validation - Sensitive data logging is enabled. Log entries and exception messages may include sensitive application data; this mode should only be enabled during development.
2025-07-21 03:18:32,333 [INFO] 1 Microsoft.EntityFrameworkCore.Database.Command - Executed DbCommand (10ms) [Parameters=[], CommandType='Text', CommandTimeout='30']
SELECT 1 FROM INFORMATION_SCHEMA.TABLES WHERE TABLE_SCHEMA='tarefasdb' AND TABLE_NAME='__EFMigrationsHistory';
2025-07-21 03:18:32,356 [INFO] 1 Microsoft.EntityFrameworkCore.Database.Command - Executed DbCommand (1ms) [Parameters=[], CommandType='Text', CommandTimeout='30']
SELECT 1 FROM INFORMATION_SCHEMA.TABLES WHERE TABLE_SCHEMA='tarefasdb' AND TABLE_NAME='__EFMigrationsHistory';
2025-07-21 03:18:32,395 [INFO] 1 Microsoft.EntityFrameworkCore.Database.Command - Executed DbCommand (11ms) [Parameters=[], CommandType='Text', CommandTimeout='30']
SELECT `MigrationId`, `ProductVersion`
FROM `__EFMigrationsHistory`
ORDER BY `MigrationId`;
2025-07-21 03:18:32,424 [INFO] 1 Microsoft.EntityFrameworkCore.Migrations - Applying migration '20250721025955_InitialCreate'.
2025-07-21 03:18:32,512 [INFO] 1 Microsoft.EntityFrameworkCore.Database.Command - Executed DbCommand (11ms) [Parameters=[], CommandType='Text', CommandTimeout='30']
ALTER DATABASE CHARACTER SET utf8mb4;
2025-07-21 03:20:15,176 [WARN] 1 Microsoft.EntityFrameworkCore.Model.Validation - Sensitive data logging is enabled. Log entries and exception messages may include sensitive application data; this mode should only be enabled during development.
2025-07-21 03:20:15,423 [INFO] 1 Microsoft.EntityFrameworkCore.Database.Command - Executed DbCommand (8ms) [Parameters=[], CommandType='Text', CommandTimeout='30']
SELECT 1 FROM INFORMATION_SCHEMA.TABLES WHERE TABLE_SCHEMA='tarefasdb' AND TABLE_NAME='__EFMigrationsHistory';
2025-07-21 03:20:15,453 [INFO] 1 Microsoft.EntityFrameworkCore.Database.Command - Executed DbCommand (2ms) [Parameters=[], CommandType='Text', CommandTimeout='30']
SELECT `MigrationId`, `ProductVersion`
FROM `__EFMigrationsHistory`
ORDER BY `MigrationId`;
2025-07-21 03:20:15,472 [INFO] 1 Microsoft.EntityFrameworkCore.Database.Command - Executed DbCommand (1ms) [Parameters=[], CommandType='Text', CommandTimeout='30']
SELECT 1 FROM INFORMATION_SCHEMA.TABLES WHERE TABLE_SCHEMA='tarefasdb' AND TABLE_NAME='__EFMigrationsHistory';
2025-07-21 03:20:15,485 [INFO] 1 Microsoft.EntityFrameworkCore.Database.Command - Executed DbCommand (1ms) [Parameters=[], CommandType='Text', CommandTimeout='30']
SELECT 1 FROM INFORMATION_SCHEMA.TABLES WHERE TABLE_SCHEMA='tarefasdb' AND TABLE_NAME='__EFMigrationsHistory';
2025-07-21 03:20:15,493 [INFO] 1 Microsoft.EntityFrameworkCore.Database.Command - Executed DbCommand (1ms) [Parameters=[], CommandType='Text', CommandTimeout='30']
SELECT `MigrationId`, `ProductVersion`
FROM `__EFMigrationsHistory`
ORDER BY `MigrationId`;
2025-07-21 03:20:15,509 [INFO] 1 Microsoft.EntityFrameworkCore.Migrations - Applying migration '20250721025955_InitialCreate'.
2025-07-21 03:20:15,586 [INFO] 1 Microsoft.EntityFrameworkCore.Database.Command - Executed DbCommand (8ms) [Parameters=[], CommandType='Text', CommandTimeout='30']
ALTER DATABASE CHARACTER SET utf8mb4;
2025-07-21 03:21:51,150 [WARN] 1 Microsoft.EntityFrameworkCore.Model.Validation - Sensitive data logging is enabled. Log entries and exception messages may include sensitive application data; this mode should only be enabled during development.
2025-07-21 03:21:51,441 [INFO] 1 Microsoft.EntityFrameworkCore.Database.Command - Executed DbCommand (9ms) [Parameters=[], CommandType='Text', CommandTimeout='30']
SELECT 1 FROM INFORMATION_SCHEMA.TABLES WHERE TABLE_SCHEMA='tarefasdb' AND TABLE_NAME='__EFMigrationsHistory';
2025-07-21 03:21:51,476 [INFO] 1 Microsoft.EntityFrameworkCore.Database.Command - Executed DbCommand (2ms) [Parameters=[], CommandType='Text', CommandTimeout='30']
SELECT `MigrationId`, `ProductVersion`
FROM `__EFMigrationsHistory`
ORDER BY `MigrationId`;
2025-07-21 03:21:51,499 [INFO] 1 Microsoft.EntityFrameworkCore.Database.Command - Executed DbCommand (1ms) [Parameters=[], CommandType='Text', CommandTimeout='30']
SELECT 1 FROM INFORMATION_SCHEMA.TABLES WHERE TABLE_SCHEMA='tarefasdb' AND TABLE_NAME='__EFMigrationsHistory';
2025-07-21 03:21:51,514 [INFO] 1 Microsoft.EntityFrameworkCore.Database.Command - Executed DbCommand (1ms) [Parameters=[], CommandType='Text', CommandTimeout='30']
SELECT 1 FROM INFORMATION_SCHEMA.TABLES WHERE TABLE_SCHEMA='tarefasdb' AND TABLE_NAME='__EFMigrationsHistory';
2025-07-21 03:21:51,524 [INFO] 1 Microsoft.EntityFrameworkCore.Database.Command - Executed DbCommand (1ms) [Parameters=[], CommandType='Text', CommandTimeout='30']
SELECT `MigrationId`, `ProductVersion`
FROM `__EFMigrationsHistory`
ORDER BY `MigrationId`;
2025-07-21 03:21:51,544 [INFO] 1 Microsoft.EntityFrameworkCore.Migrations - Applying migration '20250721025955_InitialCreate'.
2025-07-21 03:21:51,629 [INFO] 1 Microsoft.EntityFrameworkCore.Database.Command - Executed DbCommand (8ms) [Parameters=[], CommandType='Text', CommandTimeout='30']
ALTER DATABASE CHARACTER SET utf8mb4;
2025-07-21 03:27:26,752 [WARN] 1 Microsoft.EntityFrameworkCore.Model.Validation - Sensitive data logging is enabled. Log entries and exception messages may include sensitive application data; this mode should only be enabled during development.
2025-07-21 03:27:27,016 [INFO] 1 Microsoft.EntityFrameworkCore.Database.Command - Executed DbCommand (8ms) [Parameters=[], CommandType='Text', CommandTimeout='30']
SELECT 1 FROM INFORMATION_SCHEMA.TABLES WHERE TABLE_SCHEMA='tarefasdb' AND TABLE_NAME='__EFMigrationsHistory';
2025-07-21 03:27:27,038 [INFO] 1 Microsoft.EntityFrameworkCore.Database.Command - Executed DbCommand (1ms) [Parameters=[], CommandType='Text', CommandTimeout='30']
SELECT 1 FROM INFORMATION_SCHEMA.TABLES WHERE TABLE_SCHEMA='tarefasdb' AND TABLE_NAME='__EFMigrationsHistory';
2025-07-21 03:27:27,164 [INFO] 1 Microsoft.EntityFrameworkCore.Database.Command - Executed DbCommand (27ms) [Parameters=[], CommandType='Text', CommandTimeout='30']
CREATE TABLE `__EFMigrationsHistory` (
    `MigrationId` varchar(150) CHARACTER SET utf8mb4 NOT NULL,
    `ProductVersion` varchar(32) CHARACTER SET utf8mb4 NOT NULL,
    CONSTRAINT `PK___EFMigrationsHistory` PRIMARY KEY (`MigrationId`)
) CHARACTER SET=utf8mb4;
2025-07-21 03:27:27,181 [INFO] 1 Microsoft.EntityFrameworkCore.Database.Command - Executed DbCommand (4ms) [Parameters=[], CommandType='Text', CommandTimeout='30']
SELECT 1 FROM INFORMATION_SCHEMA.TABLES WHERE TABLE_SCHEMA='tarefasdb' AND TABLE_NAME='__EFMigrationsHistory';
2025-07-21 03:27:27,203 [INFO] 1 Microsoft.EntityFrameworkCore.Database.Command - Executed DbCommand (12ms) [Parameters=[], CommandType='Text', CommandTimeout='30']
SELECT `MigrationId`, `ProductVersion`
FROM `__EFMigrationsHistory`
ORDER BY `MigrationId`;
2025-07-21 03:27:27,223 [INFO] 1 Microsoft.EntityFrameworkCore.Migrations - Applying migration '20250721025955_InitialCreate'.
2025-07-21 03:27:27,276 [INFO] 1 Microsoft.EntityFrameworkCore.Database.Command - Executed DbCommand (7ms) [Parameters=[], CommandType='Text', CommandTimeout='30']
ALTER DATABASE CHARACTER SET utf8mb4;
2025-07-21 03:27:27,309 [INFO] 1 Microsoft.EntityFrameworkCore.Database.Command - Executed DbCommand (27ms) [Parameters=[], CommandType='Text', CommandTimeout='30']
CREATE TABLE `Tarefas` (
    `Id` char(36) COLLATE ascii_general_ci NOT NULL,
    `Titulo` varchar(100) CHARACTER SET utf8mb4 NOT NULL,
    `Descricao` varchar(200) CHARACTER SET utf8mb4 NOT NULL,
    `DataLimite` date NOT NULL,
    `Concluida` tinyint(1) NOT NULL,
    CONSTRAINT `PK_Tarefas` PRIMARY KEY (`Id`)
) CHARACTER SET=utf8mb4;
2025-07-21 03:27:27,342 [INFO] 1 Microsoft.EntityFrameworkCore.Database.Command - Executed DbCommand (26ms) [Parameters=[], CommandType='Text', CommandTimeout='30']
CREATE TABLE `Usuarios` (
    `Id` int NOT NULL AUTO_INCREMENT,
    `Login` varchar(50) CHARACTER SET utf8mb4 NOT NULL,
    `Senha` varchar(100) CHARACTER SET utf8mb4 NOT NULL,
    CONSTRAINT `PK_Usuarios` PRIMARY KEY (`Id`)
) CHARACTER SET=utf8mb4;
2025-07-21 03:27:27,356 [INFO] 1 Microsoft.EntityFrameworkCore.Database.Command - Executed DbCommand (7ms) [Parameters=[], CommandType='Text', CommandTimeout='30']
INSERT INTO `Usuarios` (`Id`, `Login`, `Senha`)
VALUES (1, 'admin', '$2a$11$Nv9l5VDLvr/poxi0QB0R/.S2RlCF.pVfEf6giShfj.9gwS6wynAtO');
2025-07-21 03:27:27,367 [INFO] 1 Microsoft.EntityFrameworkCore.Database.Command - Executed DbCommand (5ms) [Parameters=[], CommandType='Text', CommandTimeout='30']
INSERT INTO `__EFMigrationsHistory` (`MigrationId`, `ProductVersion`)
VALUES ('20250721025955_InitialCreate', '8.0.0');
2025-07-21 03:27:27,540 [WARN] 1 Microsoft.AspNetCore.DataProtection.Repositories.EphemeralXmlRepository - Using an in-memory repository. Keys will not be persisted to storage.
2025-07-21 03:27:27,549 [WARN] 1 Microsoft.AspNetCore.DataProtection.KeyManagement.XmlKeyManager - Neither user profile nor HKLM registry available. Using an ephemeral key repository. Protected data will be unavailable when application exits.
2025-07-21 03:27:27,579 [WARN] 1 Microsoft.AspNetCore.DataProtection.KeyManagement.XmlKeyManager - No XML encryptor configured. Key {b0a891a8-0d53-4785-87af-14ad4938109d} may be persisted to storage in unencrypted form.
2025-07-21 03:27:27,762 [INFO] 1 Microsoft.Hosting.Lifetime - Now listening on: http://[::]:8080
2025-07-21 03:27:27,768 [INFO] 1 Microsoft.Hosting.Lifetime - Now listening on: https://[::]:8081
2025-07-21 03:27:27,779 [INFO] 1 Microsoft.Hosting.Lifetime - Application started. Press Ctrl+C to shut down.
2025-07-21 03:27:27,785 [INFO] 1 Microsoft.Hosting.Lifetime - Hosting environment: Development
2025-07-21 03:27:27,790 [INFO] 1 Microsoft.Hosting.Lifetime - Content root path: /app
2025-07-21 03:27:42,708 [INFO] .NET TP Worker Microsoft.EntityFrameworkCore.Database.Command - Executed DbCommand (30ms) [Parameters=[@__usuario_Login_0='admin' (Size = 50)], CommandType='Text', CommandTimeout='30']
SELECT `u`.`Id`, `u`.`Login`, `u`.`Senha`
FROM `Usuarios` AS `u`
WHERE `u`.`Login` = @__usuario_Login_0
LIMIT 1
2025-07-21 03:27:54,543 [INFO] .NET TP Worker Microsoft.EntityFrameworkCore.Database.Command - Executed DbCommand (5ms) [Parameters=[], CommandType='Text', CommandTimeout='30']
SELECT `t`.`Id`, `t`.`Concluida`, `t`.`DataLimite`, `t`.`Descricao`, `t`.`Titulo`
FROM `Tarefas` AS `t`
2025-07-21 03:28:07,771 [INFO] .NET TP Worker Microsoft.EntityFrameworkCore.Database.Command - Executed DbCommand (79ms) [Parameters=[@p0='3fa85f64-5717-4562-b3fc-2c963f66afa6', @p1='True', @p2='2025-07-23T03:27:57.9810000Z' (DbType = Date), @p3='teste' (Nullable = false) (Size = 200), @p4='teste' (Nullable = false) (Size = 100)], CommandType='Text', CommandTimeout='30']
SET AUTOCOMMIT = 1;
INSERT INTO `Tarefas` (`Id`, `Concluida`, `DataLimite`, `Descricao`, `Titulo`)
VALUES (@p0, @p1, @p2, @p3, @p4);
2025-07-21 03:28:21,981 [INFO] .NET TP Worker Microsoft.EntityFrameworkCore.Database.Command - Executed DbCommand (3ms) [Parameters=[@__id_0='3fa85f64-5717-4562-b3fc-2c963f66afa6'], CommandType='Text', CommandTimeout='30']
SELECT `t`.`Id`, `t`.`Concluida`, `t`.`DataLimite`, `t`.`Descricao`, `t`.`Titulo`
FROM `Tarefas` AS `t`
WHERE `t`.`Id` = @__id_0
LIMIT 1
2025-07-21 03:28:37,864 [INFO] .NET TP Worker Microsoft.EntityFrameworkCore.Database.Command - Executed DbCommand (8ms) [Parameters=[@__id_0='3fa85f64-5717-4562-b3fc-2c963f66afa6'], CommandType='Text', CommandTimeout='30']
SELECT `t`.`Id`, `t`.`Concluida`, `t`.`DataLimite`, `t`.`Descricao`, `t`.`Titulo`
FROM `Tarefas` AS `t`
WHERE `t`.`Id` = @__id_0
LIMIT 1
2025-07-21 03:28:37,892 [INFO] .NET TP Worker Microsoft.EntityFrameworkCore.Database.Command - Executed DbCommand (8ms) [Parameters=[@p4='3fa85f64-5717-4562-b3fc-2c963f66afa6', @p0='True', @p1='2025-07-28T03:27:57.9810000Z' (DbType = Date), @p2='teste' (Nullable = false) (Size = 200), @p3='teste edit' (Nullable = false) (Size = 100)], CommandType='Text', CommandTimeout='30']
SET AUTOCOMMIT = 1;
UPDATE `Tarefas` SET `Concluida` = @p0, `DataLimite` = @p1, `Descricao` = @p2, `Titulo` = @p3
WHERE `Id` = @p4;
SELECT ROW_COUNT();
2025-07-21 03:28:42,415 [INFO] .NET TP Worker Microsoft.EntityFrameworkCore.Database.Command - Executed DbCommand (28ms) [Parameters=[@__id_0='3fa85f64-5717-1562-b3fc-2c963f66afa6'], CommandType='Text', CommandTimeout='30']
SELECT `t`.`Id`, `t`.`Concluida`, `t`.`DataLimite`, `t`.`Descricao`, `t`.`Titulo`
FROM `Tarefas` AS `t`
WHERE `t`.`Id` = @__id_0
LIMIT 1
2025-07-21 03:28:53,326 [INFO] .NET TP Worker Microsoft.EntityFrameworkCore.Database.Command - Executed DbCommand (7ms) [Parameters=[@__id_0='3fa85f64-5717-4562-b3fc-2c963f66afa6'], CommandType='Text', CommandTimeout='30']
SELECT `t`.`Id`, `t`.`Concluida`, `t`.`DataLimite`, `t`.`Descricao`, `t`.`Titulo`
FROM `Tarefas` AS `t`
WHERE `t`.`Id` = @__id_0
LIMIT 1
2025-07-21 03:28:53,344 [INFO] .NET TP Worker Microsoft.EntityFrameworkCore.Database.Command - Executed DbCommand (4ms) [Parameters=[@__id_0='3fa85f64-5717-4562-b3fc-2c963f66afa6'], CommandType='Text', CommandTimeout='30']
SELECT `t`.`Id`, `t`.`Concluida`, `t`.`DataLimite`, `t`.`Descricao`, `t`.`Titulo`
FROM `Tarefas` AS `t`
WHERE `t`.`Id` = @__id_0
LIMIT 1
2025-07-21 03:28:56,566 [INFO] .NET TP Worker Microsoft.EntityFrameworkCore.Database.Command - Executed DbCommand (54ms) [Parameters=[@__id_0='3fa85f64-5717-4562-b3fc-2c963f66afa1'], CommandType='Text', CommandTimeout='30']
SELECT `t`.`Id`, `t`.`Concluida`, `t`.`DataLimite`, `t`.`Descricao`, `t`.`Titulo`
FROM `Tarefas` AS `t`
WHERE `t`.`Id` = @__id_0
LIMIT 1
2025-07-21 03:29:04,449 [INFO] .NET TP Worker Microsoft.EntityFrameworkCore.Database.Command - Executed DbCommand (6ms) [Parameters=[@__id_0='3fa85f64-5717-4562-b3fc-2c963f66afa6'], CommandType='Text', CommandTimeout='30']
SELECT `t`.`Id`, `t`.`Concluida`, `t`.`DataLimite`, `t`.`Descricao`, `t`.`Titulo`
FROM `Tarefas` AS `t`
WHERE `t`.`Id` = @__id_0
LIMIT 1
2025-07-21 03:29:04,468 [INFO] .NET TP Worker Microsoft.EntityFrameworkCore.Database.Command - Executed DbCommand (4ms) [Parameters=[@__id_0='3fa85f64-5717-4562-b3fc-2c963f66afa6'], CommandType='Text', CommandTimeout='30']
SELECT `t`.`Id`, `t`.`Concluida`, `t`.`DataLimite`, `t`.`Descricao`, `t`.`Titulo`
FROM `Tarefas` AS `t`
WHERE `t`.`Id` = @__id_0
LIMIT 1
2025-07-21 03:29:04,489 [INFO] .NET TP Worker Microsoft.EntityFrameworkCore.Database.Command - Executed DbCommand (5ms) [Parameters=[@p0='3fa85f64-5717-4562-b3fc-2c963f66afa6'], CommandType='Text', CommandTimeout='30']
SET AUTOCOMMIT = 1;
DELETE FROM `Tarefas`
WHERE `Id` = @p0;
SELECT ROW_COUNT();
2025-07-21 03:29:07,657 [INFO] .NET TP Worker Microsoft.EntityFrameworkCore.Database.Command - Executed DbCommand (8ms) [Parameters=[], CommandType='Text', CommandTimeout='30']
SELECT `t`.`Id`, `t`.`Concluida`, `t`.`DataLimite`, `t`.`Descricao`, `t`.`Titulo`
FROM `Tarefas` AS `t`
